(N) 2026-06-07T12:32:29 - qBittorrent termination initiated
(N) 2026-06-07T12:32:29 - qBittorrent is now ready to exit
(N) 2026-06-07T12:32:30 - qBittorrent v5.2.1 started. Process ID: 311
(N) 2026-06-07T12:32:30 - Using config directory: /config/qBittorrent
(N) 2026-06-07T12:32:30 - qBittorrent termination initiated
(N) 2026-06-07T12:32:30 - qBittorrent is now ready to exit
(N) 2026-06-07T12:32:32 - qBittorrent v5.2.1 started. Process ID: 319
(N) 2026-06-07T12:32:32 - Using config directory: /config/qBittorrent
(N) 2026-06-07T12:32:32 - qBittorrent termination initiated
(N) 2026-06-07T12:32:32 - qBittorrent is now ready to exit
(N) 2026-06-07T12:32:33 - qBittorrent v5.2.1 started. Process ID: 327
(N) 2026-06-07T12:32:33 - Using config directory: /config/qBittorrent
(N) 2026-06-07T12:32:34 - qBittorrent termination initiated
(N) 2026-06-07T12:32:34 - qBittorrent is now ready to exit
(N) 2026-06-07T12:32:35 - qBittorrent v5.2.1 started. Process ID: 335
(N) 2026-06-07T12:32:35 - Using config directory: /config/qBittorrent
(N) 2026-06-07T12:32:36 - qBittorrent termination initiated
(N) 2026-06-07T12:32:36 - qBittorrent is now ready to exit
(N) 2026-06-07T12:32:37 - qBittorrent v5.2.1 started. Process ID: 146
(N) 2026-06-07T12:32:37 - Using config directory: /config/qBittorrent
(N) 2026-06-07T12:32:38 - qBittorrent termination initiated
(N) 2026-06-07T12:32:38 - qBittorrent is now ready to exit
(N) 2026-06-07T12:32:39 - qBittorrent v5.2.1 started. Process ID: 162
(N) 2026-06-07T12:32:39 - Using config directory: /config/qBittorrent
(N) 2026-06-07T12:32:40 - qBittorrent termination initiated
(N) 2026-06-07T12:32:40 - qBittorrent is now ready to exit
(N) 2026-06-07T12:32:41 - qBittorrent v5.2.1 started. Process ID: 170
(N) 2026-06-07T12:32:41 - Using config directory: /config/qBittorrent
(N) 2026-06-07T12:32:41 - qBittorrent termination initiated
(N) 2026-06-07T12:32:41 - qBittorrent is now ready to exit
(N) 2026-06-07T12:32:42 - qBittorrent v5.2.1 started. Process ID: 178
(N) 2026-06-07T12:32:42 - Using config directory: /config/qBittorrent
(N) 2026-06-07T12:32:43 - qBittorrent termination initiated
(N) 2026-06-07T12:32:43 - qBittorrent is now ready to exit
(N) 2026-06-07T12:32:44 - qBittorrent v5.2.1 started. Process ID: 186
(N) 2026-06-07T12:32:44 - Using config directory: /config/qBittorrent
(N) 2026-06-07T12:32:45 - qBittorrent termination initiated
(N) 2026-06-07T12:32:45 - qBittorrent is now ready to exit
(N) 2026-06-07T12:32:46 - qBittorrent v5.2.1 started. Process ID: 194
(N) 2026-06-07T12:32:46 - Using config directory: /config/qBittorrent
(N) 2026-06-07T12:32:46 - qBittorrent termination initiated
(N) 2026-06-07T12:32:46 - qBittorrent is now ready to exit
(N) 2026-06-07T12:32:47 - qBittorrent v5.2.1 started. Process ID: 202
(N) 2026-06-07T12:32:47 - Using config directory: /config/qBittorrent
(N) 2026-06-07T12:32:48 - qBittorrent termination initiated
(N) 2026-06-07T12:32:48 - qBittorrent is now ready to exit
(N) 2026-06-07T12:32:49 - qBittorrent v5.2.1 started. Process ID: 210
(N) 2026-06-07T12:32:49 - Using config directory: /config/qBittorrent
(N) 2026-06-07T12:32:50 - qBittorrent termination initiated
(N) 2026-06-07T12:32:50 - qBittorrent is now ready to exit
(N) 2026-06-07T12:32:51 - qBittorrent v5.2.1 started. Process ID: 218
(N) 2026-06-07T12:32:51 - Using config directory: /config/qBittorrent
(N) 2026-06-07T12:32:51 - qBittorrent termination initiated
(N) 2026-06-07T12:32:51 - qBittorrent is now ready to exit
(N) 2026-06-07T12:32:52 - qBittorrent v5.2.1 started. Process ID: 231
(N) 2026-06-07T12:32:52 - Using config directory: /config/qBittorrent
(N) 2026-06-07T12:32:53 - qBittorrent termination initiated
(N) 2026-06-07T12:32:53 - qBittorrent is now ready to exit
(N) 2026-06-07T12:32:54 - qBittorrent v5.2.1 started. Process ID: 239
(N) 2026-06-07T12:32:54 - Using config directory: /config/qBittorrent
(N) 2026-06-07T12:32:55 - qBittorrent termination initiated
(N) 2026-06-07T12:32:55 - qBittorrent is now ready to exit
(N) 2026-06-07T12:32:56 - qBittorrent v5.2.1 started. Process ID: 247
(N) 2026-06-07T12:32:56 - Using config directory: /config/qBittorrent
(N) 2026-06-07T12:32:56 - qBittorrent termination initiated
(N) 2026-06-07T12:32:56 - qBittorrent is now ready to exit
(N) 2026-06-07T12:32:57 - qBittorrent v5.2.1 started. Process ID: 255
(N) 2026-06-07T12:32:57 - Using config directory: /config/qBittorrent
(N) 2026-06-07T12:32:57 - Trying to listen on the following list of IP addresses: "0.0.0.0:6881,[::]:6881"
(I) 2026-06-07T12:32:57 - Peer ID: "-qB5210-"
(I) 2026-06-07T12:32:57 - HTTP User-Agent: "qBittorrent/5.2.1"
(I) 2026-06-07T12:32:57 - Distributed Hash Table (DHT) support: ON
(I) 2026-06-07T12:32:57 - Local Peer Discovery support: ON
(I) 2026-06-07T12:32:57 - Peer Exchange (PeX) support: ON
(I) 2026-06-07T12:32:57 - Anonymous mode: OFF
(I) 2026-06-07T12:32:57 - Encryption support: ON
(I) 2026-06-07T12:32:57 - Embedded Tracker: Now listening on IP: 0.0.0.0, port: 9000
(I) 2026-06-07T12:32:57 - Successfully listening on IP. IP: "127.0.0.1". Port: "TCP/6881"
(I) 2026-06-07T12:32:57 - Successfully listening on IP. IP: "127.0.0.1". Port: "UTP/6881"
(I) 2026-06-07T12:32:57 - Successfully listening on IP. IP: "10.169.254.1". Port: "TCP/6881"
(I) 2026-06-07T12:32:57 - Successfully listening on IP. IP: "10.169.254.1". Port: "UTP/6881"
(I) 2026-06-07T12:32:57 - Successfully listening on IP. IP: "172.20.143.48". Port: "TCP/6881"
(I) 2026-06-07T12:32:57 - Successfully listening on IP. IP: "172.20.143.48". Port: "UTP/6881"
(I) 2026-06-07T12:32:57 - Successfully listening on IP. IP: "::1". Port: "TCP/6881"
(I) 2026-06-07T12:32:57 - Successfully listening on IP. IP: "::1". Port: "UTP/6881"
(I) 2026-06-07T12:32:57 - Successfully listening on IP. IP: "fd96:4158:7963::1". Port: "TCP/6881"
(I) 2026-06-07T12:32:57 - Successfully listening on IP. IP: "fd96:4158:7963::1". Port: "UTP/6881"
(I) 2026-06-07T12:32:57 - Successfully listening on IP. IP: "fe80::c04e:62ff:fe18:b3f6%eth0". Port: "TCP/6881"
(I) 2026-06-07T12:32:57 - Successfully listening on IP. IP: "fe80::c04e:62ff:fe18:b3f6%eth0". Port: "UTP/6881"
(I) 2026-06-07T12:32:57 - Successfully listening on IP. IP: "fdda:8ca4:1556:a008::1". Port: "TCP/6881"
(I) 2026-06-07T12:32:57 - Successfully listening on IP. IP: "fdda:8ca4:1556:a008::1". Port: "UTP/6881"
(I) 2026-06-07T12:32:57 - Successfully listening on IP. IP: "fe80::e8e9:7bff:fed9:c6b8%v-dn42". Port: "TCP/6881"
(I) 2026-06-07T12:32:57 - Successfully listening on IP. IP: "fe80::e8e9:7bff:fed9:c6b8%v-dn42". Port: "UTP/6881"
(N) 2026-06-07T12:32:57 - Restored torrent. Torrent: "ios"
(N) 2026-06-07T12:32:57 - Restored torrent. Torrent: "Cisco_Images"
(N) 2026-06-07T12:32:57 - Restored torrent. Torrent: "debian-13.5.0-amd64-netinst.iso"
(N) 2026-06-07T12:32:57 - Restored torrent. Torrent: "debian-13.5.0-arm64-netinst.iso"
(I) 2026-06-07T12:32:57 - IP geolocation database loaded. Type: DBIP-Country-Lite. Build time: Mon Jun 1 01:42:47 2026.
(N) 2026-06-07T12:32:57 - Using built-in WebUI.
(N) 2026-06-07T12:32:57 - WebUI translation for selected locale (en) has been successfully loaded.
(N) 2026-06-07T12:32:57 - WebUI: Now listening on IP: *, port: 19080
(I) 2026-06-07T12:32:57 - Detected external IP. IP: "152.53.46.158"
(I) 2026-06-07T12:32:57 - Detected external IP. IP: "2a0a:4cc0:0:2573:48bc:85ff:fe51:e967"
(N) 2026-06-07T12:32:58 - qBittorrent termination initiated
(N) 2026-06-07T12:32:58 - Saving resume data completed.
(N) 2026-06-07T12:33:22 - qBittorrent v5.2.1 started. Process ID: 146
(N) 2026-06-07T12:33:22 - Using config directory: /config/qBittorrent
(N) 2026-06-07T12:33:22 - Trying to listen on the following list of IP addresses: "0.0.0.0:6881,[::]:6881"
(I) 2026-06-07T12:33:22 - Peer ID: "-qB5210-"
(I) 2026-06-07T12:33:22 - HTTP User-Agent: "qBittorrent/5.2.1"
(I) 2026-06-07T12:33:22 - Distributed Hash Table (DHT) support: ON
(I) 2026-06-07T12:33:22 - Local Peer Discovery support: ON
(I) 2026-06-07T12:33:22 - Peer Exchange (PeX) support: ON
(I) 2026-06-07T12:33:22 - Anonymous mode: OFF
(I) 2026-06-07T12:33:22 - Encryption support: ON
(I) 2026-06-07T12:33:22 - Embedded Tracker: Now listening on IP: 0.0.0.0, port: 9000
(I) 2026-06-07T12:33:22 - Successfully listening on IP. IP: "127.0.0.1". Port: "TCP/6881"
(I) 2026-06-07T12:33:22 - Successfully listening on IP. IP: "127.0.0.1". Port: "UTP/6881"
(I) 2026-06-07T12:33:22 - Successfully listening on IP. IP: "10.169.254.1". Port: "TCP/6881"
(I) 2026-06-07T12:33:22 - Successfully listening on IP. IP: "10.169.254.1". Port: "UTP/6881"
(I) 2026-06-07T12:33:22 - Successfully listening on IP. IP: "172.20.143.48". Port: "TCP/6881"
(I) 2026-06-07T12:33:22 - Successfully listening on IP. IP: "172.20.143.48". Port: "UTP/6881"
(I) 2026-06-07T12:33:22 - Successfully listening on IP. IP: "::1". Port: "TCP/6881"
(I) 2026-06-07T12:33:22 - Successfully listening on IP. IP: "::1". Port: "UTP/6881"
(I) 2026-06-07T12:33:22 - Successfully listening on IP. IP: "fd96:4158:7963::1". Port: "TCP/6881"
(I) 2026-06-07T12:33:22 - Successfully listening on IP. IP: "fd96:4158:7963::1". Port: "UTP/6881"
(I) 2026-06-07T12:33:22 - Successfully listening on IP. IP: "fe80::c04e:62ff:fe18:b3f6%eth0". Port: "TCP/6881"
(I) 2026-06-07T12:33:22 - Successfully listening on IP. IP: "fe80::c04e:62ff:fe18:b3f6%eth0". Port: "UTP/6881"
(I) 2026-06-07T12:33:22 - Successfully listening on IP. IP: "fdda:8ca4:1556:a008::1". Port: "TCP/6881"
(I) 2026-06-07T12:33:22 - Successfully listening on IP. IP: "fdda:8ca4:1556:a008::1". Port: "UTP/6881"
(I) 2026-06-07T12:33:22 - Successfully listening on IP. IP: "fe80::e8e9:7bff:fed9:c6b8%v-dn42". Port: "TCP/6881"
(I) 2026-06-07T12:33:22 - Successfully listening on IP. IP: "fe80::e8e9:7bff:fed9:c6b8%v-dn42". Port: "UTP/6881"
(I) 2026-06-07T12:33:22 - Detected external IP. IP: "152.53.46.158"
(N) 2026-06-07T12:33:22 - Restored torrent. Torrent: "ios"
(N) 2026-06-07T12:33:22 - Restored torrent. Torrent: "Cisco_Images"
(N) 2026-06-07T12:33:22 - Restored torrent. Torrent: "debian-13.5.0-amd64-netinst.iso"
(N) 2026-06-07T12:33:22 - Restored torrent. Torrent: "debian-13.5.0-arm64-netinst.iso"
(I) 2026-06-07T12:33:22 - IP geolocation database loaded. Type: DBIP-Country-Lite. Build time: Mon Jun 1 01:42:47 2026.
(N) 2026-06-07T12:33:22 - Using built-in WebUI.
(N) 2026-06-07T12:33:22 - WebUI translation for selected locale (en) has been successfully loaded.
(N) 2026-06-07T12:33:22 - WebUI: Now listening on IP: *, port: 19080
(I) 2026-06-07T12:33:22 - Detected external IP. IP: "2a0a:4cc0:0:2573:48bc:85ff:fe51:e967"
(N) 2026-06-07T12:33:26 - WebAPI login success. IP: ::ffff:10.169.254.2
(N) 2026-06-07T12:36:18 - Torrent resumed. Torrent: "ios"
(N) 2026-06-07T12:36:50 - Torrent stopped. Torrent: "ios"
(N) 2026-06-07T12:37:04 - Torrent removed. Torrent: "ios"
(I) 2026-06-07T12:43:13 - Found Python executable. Name: "python3". Version: "3.12.13"
(N) 2026-06-07T12:44:11 - Added new torrent. Torrent: "test-ios"
(W) 2026-06-07T12:44:17 - Failed to restore torrent. Files were probably moved or storage isn't accessible. Torrent: "test-ios". Reason: "ios fast resume rejected. file_stat(/downloads2/ios/asr1000/asr1000rpx86-universalk9.16.03.01a.SPA.bin): mismatching file size"
(N) 2026-06-07T12:45:36 - Detected an attempt to add a duplicate torrent. Existing torrent: "test-ios". Torrent infohash: d1f38f427098d93968bde99fba17c9a4d7fcc723. Result: Merging of trackers is disabled
(N) 2026-06-07T12:46:15 - Torrent stopped. Torrent: "test-ios"
(N) 2026-06-07T12:46:23 - Torrent removed. Torrent: "test-ios"
(N) 2026-06-07T13:00:23 - Added new torrent. Torrent: "ios-collection"
(N) 2026-06-07T13:01:56 - qBittorrent termination initiated
(N) 2026-06-07T13:01:56 - Saving resume data completed.
(N) 2026-06-07T13:03:17 - qBittorrent v5.2.1 started. Process ID: 146
(N) 2026-06-07T13:03:17 - Using config directory: /config/qBittorrent
(N) 2026-06-07T13:03:17 - Trying to listen on the following list of IP addresses: "0.0.0.0:6881,[::]:6881"
(I) 2026-06-07T13:03:17 - Peer ID: "-qB5210-"
(I) 2026-06-07T13:03:17 - HTTP User-Agent: "qBittorrent/5.2.1"
(I) 2026-06-07T13:03:17 - Distributed Hash Table (DHT) support: ON
(I) 2026-06-07T13:03:17 - Local Peer Discovery support: ON
(I) 2026-06-07T13:03:17 - Peer Exchange (PeX) support: ON
(I) 2026-06-07T13:03:17 - Anonymous mode: OFF
(I) 2026-06-07T13:03:17 - Encryption support: ON
(I) 2026-06-07T13:03:17 - Embedded Tracker: Now listening on IP: 0.0.0.0, port: 9000
(I) 2026-06-07T13:03:17 - Successfully listening on IP. IP: "127.0.0.1". Port: "TCP/6881"
(I) 2026-06-07T13:03:17 - Successfully listening on IP. IP: "127.0.0.1". Port: "UTP/6881"
(I) 2026-06-07T13:03:17 - Successfully listening on IP. IP: "10.169.254.1". Port: "TCP/6881"
(I) 2026-06-07T13:03:17 - Successfully listening on IP. IP: "10.169.254.1". Port: "UTP/6881"
(I) 2026-06-07T13:03:17 - Successfully listening on IP. IP: "172.20.143.48". Port: "TCP/6881"
(I) 2026-06-07T13:03:17 - Successfully listening on IP. IP: "172.20.143.48". Port: "UTP/6881"
(I) 2026-06-07T13:03:17 - Successfully listening on IP. IP: "::1". Port: "TCP/6881"
(I) 2026-06-07T13:03:17 - Successfully listening on IP. IP: "::1". Port: "UTP/6881"
(I) 2026-06-07T13:03:17 - Successfully listening on IP. IP: "fd96:4158:7963::1". Port: "TCP/6881"
(I) 2026-06-07T13:03:17 - Successfully listening on IP. IP: "fd96:4158:7963::1". Port: "UTP/6881"
(I) 2026-06-07T13:03:17 - Successfully listening on IP. IP: "fe80::c04e:62ff:fe18:b3f6%eth0". Port: "TCP/6881"
(I) 2026-06-07T13:03:17 - Successfully listening on IP. IP: "fe80::c04e:62ff:fe18:b3f6%eth0". Port: "UTP/6881"
(I) 2026-06-07T13:03:17 - Successfully listening on IP. IP: "fdda:8ca4:1556:a008::1". Port: "TCP/6881"
(I) 2026-06-07T13:03:17 - Successfully listening on IP. IP: "fdda:8ca4:1556:a008::1". Port: "UTP/6881"
(I) 2026-06-07T13:03:17 - Successfully listening on IP. IP: "fe80::e8e9:7bff:fed9:c6b8%v-dn42". Port: "TCP/6881"
(I) 2026-06-07T13:03:17 - Successfully listening on IP. IP: "fe80::e8e9:7bff:fed9:c6b8%v-dn42". Port: "UTP/6881"
(N) 2026-06-07T13:03:17 - Restored torrent. Torrent: "debian-13.5.0-arm64-netinst.iso"
(N) 2026-06-07T13:03:17 - Restored torrent. Torrent: "Cisco_Images"
(N) 2026-06-07T13:03:17 - Restored torrent. Torrent: "debian-13.5.0-amd64-netinst.iso"
(N) 2026-06-07T13:03:17 - Restored torrent. Torrent: "ios-collection"
(I) 2026-06-07T13:03:17 - Detected external IP. IP: "152.53.46.158"
(I) 2026-06-07T13:03:17 - IP geolocation database loaded. Type: DBIP-Country-Lite. Build time: Mon Jun 1 01:42:47 2026.
(N) 2026-06-07T13:03:17 - Using built-in WebUI.
(N) 2026-06-07T13:03:17 - WebUI translation for selected locale (en) has been successfully loaded.
(N) 2026-06-07T13:03:17 - WebUI: Now listening on IP: *, port: 19080
(I) 2026-06-07T13:03:17 - Detected external IP. IP: "2a0a:4cc0:0:2573:48bc:85ff:fe51:e967"
(N) 2026-06-07T13:03:26 - WebAPI login success. IP: ::ffff:10.169.254.2
(N) 2026-06-07T13:05:34 - Torrent stopped. Torrent: "ios-collection"
(N) 2026-06-07T13:06:29 - Torrent resumed. Torrent: "ios-collection"
(N) 2026-06-07T13:06:59 - Torrent stopped. Torrent: "ios-collection"
(N) 2026-06-07T13:07:15 - Torrent removed. Torrent: "ios-collection"
(N) 2026-06-07T13:09:03 - qBittorrent termination initiated
(N) 2026-06-07T13:09:03 - Saving resume data completed.
(N) 2026-06-07T13:09:54 - qBittorrent v5.2.1 started. Process ID: 147
(N) 2026-06-07T13:09:54 - Using config directory: /config/qBittorrent
(N) 2026-06-07T13:09:54 - Trying to listen on the following list of IP addresses: "0.0.0.0:6881,[::]:6881"
(I) 2026-06-07T13:09:54 - Peer ID: "-qB5210-"
(I) 2026-06-07T13:09:54 - HTTP User-Agent: "qBittorrent/5.2.1"
(I) 2026-06-07T13:09:54 - Distributed Hash Table (DHT) support: ON
(I) 2026-06-07T13:09:54 - Local Peer Discovery support: ON
(I) 2026-06-07T13:09:54 - Peer Exchange (PeX) support: ON
(I) 2026-06-07T13:09:54 - Anonymous mode: OFF
(I) 2026-06-07T13:09:54 - Encryption support: ON
(I) 2026-06-07T13:09:54 - Embedded Tracker: Now listening on IP: 0.0.0.0, port: 9000
(I) 2026-06-07T13:09:54 - Successfully listening on IP. IP: "127.0.0.1". Port: "TCP/6881"
(I) 2026-06-07T13:09:54 - Successfully listening on IP. IP: "127.0.0.1". Port: "UTP/6881"
(I) 2026-06-07T13:09:54 - Successfully listening on IP. IP: "10.169.254.1". Port: "TCP/6881"
(I) 2026-06-07T13:09:54 - Successfully listening on IP. IP: "10.169.254.1". Port: "UTP/6881"
(I) 2026-06-07T13:09:54 - Successfully listening on IP. IP: "172.20.143.48". Port: "TCP/6881"
(I) 2026-06-07T13:09:54 - Successfully listening on IP. IP: "172.20.143.48". Port: "UTP/6881"
(I) 2026-06-07T13:09:54 - Successfully listening on IP. IP: "::1". Port: "TCP/6881"
(I) 2026-06-07T13:09:54 - Successfully listening on IP. IP: "::1". Port: "UTP/6881"
(I) 2026-06-07T13:09:54 - Successfully listening on IP. IP: "fd96:4158:7963::1". Port: "TCP/6881"
(I) 2026-06-07T13:09:54 - Successfully listening on IP. IP: "fd96:4158:7963::1". Port: "UTP/6881"
(I) 2026-06-07T13:09:54 - Successfully listening on IP. IP: "fe80::c04e:62ff:fe18:b3f6%eth0". Port: "TCP/6881"
(I) 2026-06-07T13:09:54 - Successfully listening on IP. IP: "fe80::c04e:62ff:fe18:b3f6%eth0". Port: "UTP/6881"
(I) 2026-06-07T13:09:54 - Successfully listening on IP. IP: "fdda:8ca4:1556:a008::1". Port: "TCP/6881"
(I) 2026-06-07T13:09:54 - Successfully listening on IP. IP: "fdda:8ca4:1556:a008::1". Port: "UTP/6881"
(I) 2026-06-07T13:09:54 - Successfully listening on IP. IP: "fe80::e8e9:7bff:fed9:c6b8%v-dn42". Port: "TCP/6881"
(I) 2026-06-07T13:09:54 - Successfully listening on IP. IP: "fe80::e8e9:7bff:fed9:c6b8%v-dn42". Port: "UTP/6881"
(N) 2026-06-07T13:09:54 - Restored torrent. Torrent: "debian-13.5.0-arm64-netinst.iso"
(N) 2026-06-07T13:09:54 - Restored torrent. Torrent: "Cisco_Images"
(N) 2026-06-07T13:09:54 - Restored torrent. Torrent: "debian-13.5.0-amd64-netinst.iso"
(I) 2026-06-07T13:09:54 - IP geolocation database loaded. Type: DBIP-Country-Lite. Build time: Mon Jun 1 01:42:47 2026.
(N) 2026-06-07T13:09:54 - Using built-in WebUI.
(N) 2026-06-07T13:09:54 - WebUI translation for selected locale (en) has been successfully loaded.
(N) 2026-06-07T13:09:54 - WebUI: Now listening on IP: *, port: 19080
(I) 2026-06-07T13:09:54 - Detected external IP. IP: "152.53.46.158"
(I) 2026-06-07T13:09:54 - Detected external IP. IP: "2a0a:4cc0:0:2573:48bc:85ff:fe51:e967"
(N) 2026-06-07T13:10:03 - WebAPI login success. IP: ::ffff:10.169.254.2
(N) 2026-06-07T13:15:02 - Torrent stopped. Torrent: "debian-13.5.0-amd64-netinst.iso"
(N) 2026-06-07T13:15:02 - Torrent stopped. Torrent: "Cisco_Images"
(N) 2026-06-07T13:15:02 - Torrent stopped. Torrent: "debian-13.5.0-arm64-netinst.iso"
(N) 2026-06-07T13:15:10 - qBittorrent termination initiated
(N) 2026-06-07T13:15:10 - Saving resume data completed.
(N) 2026-06-07T13:15:10 - BitTorrent session successfully finished.
(N) 2026-06-07T13:17:52 - qBittorrent v5.2.1 started. Process ID: 147
(N) 2026-06-07T13:17:52 - Using config directory: /config/qBittorrent
(N) 2026-06-07T13:17:52 - Trying to listen on the following list of IP addresses: "0.0.0.0:6881,[::]:6881"
(I) 2026-06-07T13:17:52 - Peer ID: "-qB5210-"
(I) 2026-06-07T13:17:52 - HTTP User-Agent: "qBittorrent/5.2.1"
(I) 2026-06-07T13:17:52 - Distributed Hash Table (DHT) support: ON
(I) 2026-06-07T13:17:52 - Local Peer Discovery support: ON
(I) 2026-06-07T13:17:52 - Peer Exchange (PeX) support: ON
(I) 2026-06-07T13:17:52 - Anonymous mode: OFF
(I) 2026-06-07T13:17:52 - Encryption support: ON
(I) 2026-06-07T13:17:52 - Embedded Tracker: Now listening on IP: 0.0.0.0, port: 9000
(I) 2026-06-07T13:17:52 - Successfully listening on IP. IP: "127.0.0.1". Port: "TCP/6881"
(I) 2026-06-07T13:17:52 - Successfully listening on IP. IP: "127.0.0.1". Port: "UTP/6881"
(I) 2026-06-07T13:17:52 - Successfully listening on IP. IP: "10.169.254.1". Port: "TCP/6881"
(I) 2026-06-07T13:17:52 - Successfully listening on IP. IP: "10.169.254.1". Port: "UTP/6881"
(I) 2026-06-07T13:17:52 - Successfully listening on IP. IP: "172.20.143.48". Port: "TCP/6881"
(I) 2026-06-07T13:17:52 - Successfully listening on IP. IP: "172.20.143.48". Port: "UTP/6881"
(I) 2026-06-07T13:17:52 - Successfully listening on IP. IP: "::1". Port: "TCP/6881"
(I) 2026-06-07T13:17:52 - Successfully listening on IP. IP: "::1". Port: "UTP/6881"
(I) 2026-06-07T13:17:52 - Successfully listening on IP. IP: "fd96:4158:7963::1". Port: "TCP/6881"
(I) 2026-06-07T13:17:52 - Successfully listening on IP. IP: "fd96:4158:7963::1". Port: "UTP/6881"
(I) 2026-06-07T13:17:52 - Successfully listening on IP. IP: "fe80::c04e:62ff:fe18:b3f6%eth0". Port: "TCP/6881"
(I) 2026-06-07T13:17:52 - Successfully listening on IP. IP: "fe80::c04e:62ff:fe18:b3f6%eth0". Port: "UTP/6881"
(I) 2026-06-07T13:17:52 - Successfully listening on IP. IP: "fdda:8ca4:1556:a008::1". Port: "TCP/6881"
(I) 2026-06-07T13:17:52 - Successfully listening on IP. IP: "fdda:8ca4:1556:a008::1". Port: "UTP/6881"
(I) 2026-06-07T13:17:52 - Successfully listening on IP. IP: "fe80::e8e9:7bff:fed9:c6b8%v-dn42". Port: "TCP/6881"
(I) 2026-06-07T13:17:52 - Successfully listening on IP. IP: "fe80::e8e9:7bff:fed9:c6b8%v-dn42". Port: "UTP/6881"
(N) 2026-06-07T13:17:52 - Restored torrent. Torrent: "debian-13.5.0-arm64-netinst.iso"
(N) 2026-06-07T13:17:53 - Restored torrent. Torrent: "Cisco_Images"
(N) 2026-06-07T13:17:53 - Restored torrent. Torrent: "debian-13.5.0-amd64-netinst.iso"
(I) 2026-06-07T13:17:53 - IP geolocation database loaded. Type: DBIP-Country-Lite. Build time: Mon Jun 1 01:42:47 2026.
(N) 2026-06-07T13:17:53 - Using built-in WebUI.
(N) 2026-06-07T13:17:53 - WebUI translation for selected locale (en) has been successfully loaded.
(N) 2026-06-07T13:17:53 - WebUI: Now listening on IP: *, port: 19080
(I) 2026-06-07T13:17:53 - Detected external IP. IP: "152.53.46.158"
(I) 2026-06-07T13:17:53 - Detected external IP. IP: "2a0a:4cc0:0:2573:48bc:85ff:fe51:e967"
(N) 2026-06-07T13:18:02 - WebAPI login success. IP: ::ffff:10.169.254.2
(N) 2026-06-07T13:27:33 - qBittorrent termination initiated
(N) 2026-06-07T13:27:33 - Saving resume data completed.
(N) 2026-06-07T13:27:33 - BitTorrent session successfully finished.
